<?xml version="1.0" encoding="UTF-8"?>
<testng-results skipped="0" failed="0" ignored="0" total="1" passed="1">
  <reporter-output>
  </reporter-output>
  <suite name="Default suite" duration-ms="26" started-at="2017-11-23T03:35:20Z" finished-at="2017-11-23T03:35:20Z">
    <groups>
    </groups>
    <test name="Default test" duration-ms="26" started-at="2017-11-23T03:35:20Z" finished-at="2017-11-23T03:35:20Z">
      <class name="principal.TestPrincipal">
        <test-method status="PASS" signature="f()[pri:0, instance:principal.TestPrincipal@28feb3fa]" name="f" duration-ms="8" started-at="2017-11-23T00:35:20Z" finished-at="2017-11-23T00:35:20Z">
          <reporter-output>
          </reporter-output>
        </test-method> <!-- f -->
      </class> <!-- principal.TestPrincipal -->
    </test> <!-- Default test -->
  </suite> <!-- Default suite -->
</testng-results>
